Installing MariaDB/MySQL system tables in '/home/a/env4/m1-10.2.11/dt' ...
OK

To start mysqld at boot time you have to copy
support-files/mysql.server to the right place for your system

PLEASE REMEMBER TO SET A PASSWORD FOR THE MariaDB root USER !
To do so, start the server, then issue the following commands:

'/home/a/env4/m1-10.2.11/../_depot/m-tar/10.2.11/bin/mysqladmin' -u root password 'new-password'
'/home/a/env4/m1-10.2.11/../_depot/m-tar/10.2.11/bin/mysqladmin' -u root -h UBINTI password 'new-password'

Alternatively you can run:
'/home/a/env4/m1-10.2.11/../_depot/m-tar/10.2.11/bin/mysql_secure_installation'

which will also give you the option of removing the test
databases and anonymous user created by default.  This is
strongly recommended for production servers.

See the MariaDB Knowledgebase at http://mariadb.com/kb or the
MySQL manual for more instructions.

You can start the MariaDB daemon with:
cd '/home/a/env4/m1-10.2.11/../_depot/m-tar/10.2.11' ; /home/a/env4/m1-10.2.11/../_depot/m-tar/10.2.11/bin/mysqld_safe --datadir='/home/a/env4/m1-10.2.11/dt'

You can test the MariaDB daemon with mysql-test-run.pl
cd '/home/a/env4/m1-10.2.11/../_depot/m-tar/10.2.11/mysql-test' ; perl mysql-test-run.pl

Please report any problems at http://mariadb.org/jira

The latest information about MariaDB is available at http://mariadb.org/.
You can find additional information about the MySQL part at:
http://dev.mysql.com
Consider joining MariaDB's strong and vibrant community:
https://mariadb.org/get-involved/

mysqld is alive
12495.71491051
18319 a         20   0 17.226g 0.012t  17188 S 677.8 19.6   3:44.06 /home/a/env4/m1-10.2.11/../_depot/m-tar/10.2.11/bin/mysqld --defaults-file=/home/a/env4/m1-10.2.11/my.cnf --user=a
16467.70576286
18319 a         20   0 20.200g 0.016t  17188 S 588.9 25.7   4:49.35 /home/a/env4/m1-10.2.11/../_depot/m-tar/10.2.11/bin/mysqld --defaults-file=/home/a/env4/m1-10.2.11/my.cnf --user=a
20028.91921806
18319 a         20   0 24.723g 0.019t  17188 S 557.9 31.3   5:54.90 /home/a/env4/m1-10.2.11/../_depot/m-tar/10.2.11/bin/mysqld --defaults-file=/home/a/env4/m1-10.2.11/my.cnf --user=a
23351.35244560
18319 a         20   0 27.558g 0.022t  17188 S 505.3 36.5   6:59.26 /home/a/env4/m1-10.2.11/../_depot/m-tar/10.2.11/bin/mysqld --defaults-file=/home/a/env4/m1-10.2.11/my.cnf --user=a
26396.25208092
18319 a         20   0 30.070g 0.025t  17188 S 647.4 41.2   8:03.31 /home/a/env4/m1-10.2.11/../_depot/m-tar/10.2.11/bin/mysqld --defaults-file=/home/a/env4/m1-10.2.11/my.cnf --user=a
29275.92593956
18319 a         20   0 32.704g 0.028t  17188 S 510.5 45.7   9:08.51 /home/a/env4/m1-10.2.11/../_depot/m-tar/10.2.11/bin/mysqld --defaults-file=/home/a/env4/m1-10.2.11/my.cnf --user=a
18754.64755821
18319 a         20   0 28.133g 0.023t  17188 S  1068 36.7  11:05.05 /home/a/env4/m1-10.2.11/../_depot/m-tar/10.2.11/bin/mysqld --defaults-file=/home/a/env4/m1-10.2.11/my.cnf --user=a
23826.02537346
18319 a         20   0 29.220g 0.024t  17188 S 995.2 39.6  13:07.18 /home/a/env4/m1-10.2.11/../_depot/m-tar/10.2.11/bin/mysqld --defaults-file=/home/a/env4/m1-10.2.11/my.cnf --user=a
25999.04758263
18319 a         20   0 31.036g 0.026t  17188 S  1148 42.2  15:05.80 /home/a/env4/m1-10.2.11/../_depot/m-tar/10.2.11/bin/mysqld --defaults-file=/home/a/env4/m1-10.2.11/my.cnf --user=a
20356.61948204
18319 a         20   0 30.971g 0.025t  17188 S  1103 41.4  17:09.65 /home/a/env4/m1-10.2.11/../_depot/m-tar/10.2.11/bin/mysqld --defaults-file=/home/a/env4/m1-10.2.11/my.cnf --user=a
25510.86844444
18319 a         20   0 31.923g 0.026t  17188 S  1069 43.2  19:23.30 /home/a/env4/m1-10.2.11/../_depot/m-tar/10.2.11/bin/mysqld --defaults-file=/home/a/env4/m1-10.2.11/my.cnf --user=a
19792.63055992
18319 a         20   0 32.141g 0.026t  17188 S  1089 43.2  21:30.84 /home/a/env4/m1-10.2.11/../_depot/m-tar/10.2.11/bin/mysqld --defaults-file=/home/a/env4/m1-10.2.11/my.cnf --user=a
21823.52603722
18319 a         20   0 32.102g 0.026t  17188 S  1035 43.0  23:35.81 /home/a/env4/m1-10.2.11/../_depot/m-tar/10.2.11/bin/mysqld --defaults-file=/home/a/env4/m1-10.2.11/my.cnf --user=a
25138.70874596
18319 a         20   0 32.179g 0.027t  17188 S  1077 43.6  25:40.40 /home/a/env4/m1-10.2.11/../_depot/m-tar/10.2.11/bin/mysqld --defaults-file=/home/a/env4/m1-10.2.11/my.cnf --user=a
21247.85532188
18319 a         20   0 32.767g 0.027t  17188 S  1078 44.3  27:51.96 /home/a/env4/m1-10.2.11/../_depot/m-tar/10.2.11/bin/mysqld --defaults-file=/home/a/env4/m1-10.2.11/my.cnf --user=a
23637.40439415
18319 a         20   0 32.874g 0.027t  17188 S  1061 44.2  30:01.58 /home/a/env4/m1-10.2.11/../_depot/m-tar/10.2.11/bin/mysqld --defaults-file=/home/a/env4/m1-10.2.11/my.cnf --user=a
20470.98941612
18319 a         20   0 33.408g 0.028t  17188 S  1075 45.0  32:10.34 /home/a/env4/m1-10.2.11/../_depot/m-tar/10.2.11/bin/mysqld --defaults-file=/home/a/env4/m1-10.2.11/my.cnf --user=a
23826.21195030
18319 a         20   0 34.016g 0.028t  17188 S  1069 46.0  34:19.34 /home/a/env4/m1-10.2.11/../_depot/m-tar/10.2.11/bin/mysqld --defaults-file=/home/a/env4/m1-10.2.11/my.cnf --user=a
21175.57828331
18319 a         20   0 34.543g 0.029t  17188 S  1191 47.0  36:25.48 /home/a/env4/m1-10.2.11/../_depot/m-tar/10.2.11/bin/mysqld --defaults-file=/home/a/env4/m1-10.2.11/my.cnf --user=a
21079.77911949
18319 a         20   0 34.068g 0.028t  17188 S 884.4 46.3  38:37.06 /home/a/env4/m1-10.2.11/../_depot/m-tar/10.2.11/bin/mysqld --defaults-file=/home/a/env4/m1-10.2.11/my.cnf --user=a
20342.05653954
18319 a         20   0 35.137g 0.030t  17188 S  1187 48.2  40:48.25 /home/a/env4/m1-10.2.11/../_depot/m-tar/10.2.11/bin/mysqld --defaults-file=/home/a/env4/m1-10.2.11/my.cnf --user=a
18550.85220909
18319 a         20   0 36.825g 0.031t  17188 S 905.0 50.9  42:25.07 /home/a/env4/m1-10.2.11/../_depot/m-tar/10.2.11/bin/mysqld --defaults-file=/home/a/env4/m1-10.2.11/my.cnf --user=a
20331.54758263
18319 a         20   0 38.183g 0.033t  17188 S  1135 53.1  44:12.73 /home/a/env4/m1-10.2.11/../_depot/m-tar/10.2.11/bin/mysqld --defaults-file=/home/a/env4/m1-10.2.11/my.cnf --user=a
22563.82430840
18319 a         20   0 39.542g 0.034t  17188 S 940.0 55.1  46:01.86 /home/a/env4/m1-10.2.11/../_depot/m-tar/10.2.11/bin/mysqld --defaults-file=/home/a/env4/m1-10.2.11/my.cnf --user=a
22632.91257286
18319 a         20   0 40.648g 0.035t  17188 S  1060 57.0  47:51.86 /home/a/env4/m1-10.2.11/../_depot/m-tar/10.2.11/bin/mysqld --defaults-file=/home/a/env4/m1-10.2.11/my.cnf --user=a
24093.33643913
18319 a         20   0 42.065g 0.036t  17188 S  1116 59.4  49:43.24 /home/a/env4/m1-10.2.11/../_depot/m-tar/10.2.11/bin/mysqld --defaults-file=/home/a/env4/m1-10.2.11/my.cnf --user=a
23654.45163536
18319 a         20   0 43.300g 0.037t  17188 S  1104 61.1  51:31.99 /home/a/env4/m1-10.2.11/../_depot/m-tar/10.2.11/bin/mysqld --defaults-file=/home/a/env4/m1-10.2.11/my.cnf --user=a
23865.34153557
18319 a         20   0 43.431g 0.038t  17188 S  1152 61.7  53:27.06 /home/a/env4/m1-10.2.11/../_depot/m-tar/10.2.11/bin/mysqld --defaults-file=/home/a/env4/m1-10.2.11/my.cnf --user=a
25095.89738274
18319 a         20   0 44.363g 0.039t  17188 S 930.4 63.2  55:16.43 /home/a/env4/m1-10.2.11/../_depot/m-tar/10.2.11/bin/mysqld --defaults-file=/home/a/env4/m1-10.2.11/my.cnf --user=a
19511.55073357
18319 a         20   0 42.968g 0.037t  17252 S 981.5 60.6  57:14.19 /home/a/env4/m1-10.2.11/../_depot/m-tar/10.2.11/bin/mysqld --defaults-file=/home/a/env4/m1-10.2.11/my.cnf --user=a
22423.09938622
18319 a         20   0 43.163g 0.037t  17252 S  1136 61.0  59:25.70 /home/a/env4/m1-10.2.11/../_depot/m-tar/10.2.11/bin/mysqld --defaults-file=/home/a/env4/m1-10.2.11/my.cnf --user=a
22828.98569298
18319 a         20   0 44.536g 0.039t  17252 S  1200 63.4  61:42.70 /home/a/env4/m1-10.2.11/../_depot/m-tar/10.2.11/bin/mysqld --defaults-file=/home/a/env4/m1-10.2.11/my.cnf --user=a
22654.13731194
18319 a         20   0 45.581g 0.040t  17252 S  1100 64.8  63:45.98 /home/a/env4/m1-10.2.11/../_depot/m-tar/10.2.11/bin/mysqld --defaults-file=/home/a/env4/m1-10.2.11/my.cnf --user=a
23573.00391197
18319 a         20   0 46.765g 0.041t  17252 S 939.3 66.7  65:56.30 /home/a/env4/m1-10.2.11/../_depot/m-tar/10.2.11/bin/mysqld --defaults-file=/home/a/env4/m1-10.2.11/my.cnf --user=a
22669.91324425
18319 a         20   0 47.562g 0.041t  17252 S  1165 67.6  67:54.82 /home/a/env4/m1-10.2.11/../_depot/m-tar/10.2.11/bin/mysqld --defaults-file=/home/a/env4/m1-10.2.11/my.cnf --user=a
23510.17857933
18319 a         20   0 47.077g 0.041t  17252 S  1156 66.9  69:54.92 /home/a/env4/m1-10.2.11/../_depot/m-tar/10.2.11/bin/mysqld --defaults-file=/home/a/env4/m1-10.2.11/my.cnf --user=a
19931.68567467
18319 a         20   0 46.831g 0.041t  17252 S  1096 66.5  71:59.55 /home/a/env4/m1-10.2.11/../_depot/m-tar/10.2.11/bin/mysqld --defaults-file=/home/a/env4/m1-10.2.11/my.cnf --user=a
22589.22423363
18319 a         20   0 47.466g 0.042t  17252 S  1019 67.8  74:06.57 /home/a/env4/m1-10.2.11/../_depot/m-tar/10.2.11/bin/mysqld --defaults-file=/home/a/env4/m1-10.2.11/my.cnf --user=a
24198.22019768
18319 a         20   0 48.458g 0.042t  17252 S  1138 69.2  76:10.94 /home/a/env4/m1-10.2.11/../_depot/m-tar/10.2.11/bin/mysqld --defaults-file=/home/a/env4/m1-10.2.11/my.cnf --user=a
21857.04374504
18319 a         20   0 48.456g 0.042t  17252 S  1060 69.2  78:15.70 /home/a/env4/m1-10.2.11/../_depot/m-tar/10.2.11/bin/mysqld --defaults-file=/home/a/env4/m1-10.2.11/my.cnf --user=a
22990.84729576
18319 a         20   0 48.894g 0.043t  17252 S  1036 69.9  80:20.30 /home/a/env4/m1-10.2.11/../_depot/m-tar/10.2.11/bin/mysqld --defaults-file=/home/a/env4/m1-10.2.11/my.cnf --user=a
21266.93530846
18319 a         20   0 48.773g 0.043t  17252 S  1145 69.6  82:25.99 /home/a/env4/m1-10.2.11/../_depot/m-tar/10.2.11/bin/mysqld --defaults-file=/home/a/env4/m1-10.2.11/my.cnf --user=a
22631.45855522
18319 a         20   0 49.086g 0.043t  17252 S  1179 70.0  84:32.43 /home/a/env4/m1-10.2.11/../_depot/m-tar/10.2.11/bin/mysqld --defaults-file=/home/a/env4/m1-10.2.11/my.cnf --user=a
23084.36087608
18319 a         20   0 49.461g 0.043t  17252 S  1088 70.8  86:37.54 /home/a/env4/m1-10.2.11/../_depot/m-tar/10.2.11/bin/mysqld --defaults-file=/home/a/env4/m1-10.2.11/my.cnf --user=a
23310.53226280
18319 a         20   0 49.023g 0.043t  17252 S  1031 69.9  88:40.57 /home/a/env4/m1-10.2.11/../_depot/m-tar/10.2.11/bin/mysqld --defaults-file=/home/a/env4/m1-10.2.11/my.cnf --user=a
22367.42028618
18319 a         20   0 49.211g 0.043t  17252 S  1058 70.3  90:43.93 /home/a/env4/m1-10.2.11/../_depot/m-tar/10.2.11/bin/mysqld --defaults-file=/home/a/env4/m1-10.2.11/my.cnf --user=a
22372.58987999
18319 a         20   0 49.023g 0.043t  17252 S  1073 69.9  92:48.37 /home/a/env4/m1-10.2.11/../_depot/m-tar/10.2.11/bin/mysqld --defaults-file=/home/a/env4/m1-10.2.11/my.cnf --user=a
22673.61967278
18319 a         20   0 49.211g 0.043t  17252 S  1033 70.2  94:52.45 /home/a/env4/m1-10.2.11/../_depot/m-tar/10.2.11/bin/mysqld --defaults-file=/home/a/env4/m1-10.2.11/my.cnf --user=a
21815.22458458
18319 a         20   0 49.273g 0.043t  17252 S  1096 70.4  96:56.98 /home/a/env4/m1-10.2.11/../_depot/m-tar/10.2.11/bin/mysqld --defaults-file=/home/a/env4/m1-10.2.11/my.cnf --user=a
22683.21713829
18319 a         20   0 49.336g 0.043t  17252 S  1166 70.5  99:02.81 /home/a/env4/m1-10.2.11/../_depot/m-tar/10.2.11/bin/mysqld --defaults-file=/home/a/env4/m1-10.2.11/my.cnf --user=a
21414.42857933
18319 a         20   0 49.648g 0.043t  17252 S  1089 70.8 101:07.43 /home/a/env4/m1-10.2.11/../_depot/m-tar/10.2.11/bin/mysqld --defaults-file=/home/a/env4/m1-10.2.11/my.cnf --user=a
24353.69331932
18319 a         20   0 50.148g 0.044t  17252 S  1000 71.7 103:11.56 /home/a/env4/m1-10.2.11/../_depot/m-tar/10.2.11/bin/mysqld --defaults-file=/home/a/env4/m1-10.2.11/my.cnf --user=a
21241.00053215
18319 a         20   0 49.898g 0.044t  17252 S  1089 70.9 105:15.72 /home/a/env4/m1-10.2.11/../_depot/m-tar/10.2.11/bin/mysqld --defaults-file=/home/a/env4/m1-10.2.11/my.cnf --user=a
23390.74370384
18319 a         20   0 50.148g 0.044t  17252 S  1037 71.6 107:20.48 /home/a/env4/m1-10.2.11/../_depot/m-tar/10.2.11/bin/mysqld --defaults-file=/home/a/env4/m1-10.2.11/my.cnf --user=a
22493.56587029
18319 a         20   0 50.461g 0.044t  17252 S  1048 72.3 109:25.44 /home/a/env4/m1-10.2.11/../_depot/m-tar/10.2.11/bin/mysqld --defaults-file=/home/a/env4/m1-10.2.11/my.cnf --user=a
21586.23274803
18319 a         20   0 50.586g 0.044t  17252 S  1091 72.2 111:29.68 /home/a/env4/m1-10.2.11/../_depot/m-tar/10.2.11/bin/mysqld --defaults-file=/home/a/env4/m1-10.2.11/my.cnf --user=a
23682.05895042
18319 a         20   0 51.461g 0.045t  17252 S  1083 74.0 113:35.29 /home/a/env4/m1-10.2.11/../_depot/m-tar/10.2.11/bin/mysqld --defaults-file=/home/a/env4/m1-10.2.11/my.cnf --user=a
21606.53052330
18319 a         20   0 51.461g 0.045t  17252 S  1186 73.5 115:39.94 /home/a/env4/m1-10.2.11/../_depot/m-tar/10.2.11/bin/mysqld --defaults-file=/home/a/env4/m1-10.2.11/my.cnf --user=a
22490.31239128
18319 a         20   0 51.336g 0.045t  17252 S  1050 73.5 117:44.84 /home/a/env4/m1-10.2.11/../_depot/m-tar/10.2.11/bin/mysqld --defaults-file=/home/a/env4/m1-10.2.11/my.cnf --user=a
22353.29509544
18319 a         20   0 52.398g 0.046t  17252 S  1089 74.9 119:49.61 /home/a/env4/m1-10.2.11/../_depot/m-tar/10.2.11/bin/mysqld --defaults-file=/home/a/env4/m1-10.2.11/my.cnf --user=a
21905.11073875
18319 a         20   0 53.023g 0.047t  17252 S  1057 75.9 121:53.59 /home/a/env4/m1-10.2.11/../_depot/m-tar/10.2.11/bin/mysqld --defaults-file=/home/a/env4/m1-10.2.11/my.cnf --user=a
22836.40619469
18319 a         20   0 53.211g 0.047t  17252 S  1040 76.3 123:58.89 /home/a/env4/m1-10.2.11/../_depot/m-tar/10.2.11/bin/mysqld --defaults-file=/home/a/env4/m1-10.2.11/my.cnf --user=a
21209.54523277
18319 a         20   0 51.836g 0.046t  17252 S  1076 74.2 126:04.72 /home/a/env4/m1-10.2.11/../_depot/m-tar/10.2.11/bin/mysqld --defaults-file=/home/a/env4/m1-10.2.11/my.cnf --user=a
22179.12659264
18319 a         20   0 52.086g 0.046t  17252 S  1077 74.5 128:10.68 /home/a/env4/m1-10.2.11/../_depot/m-tar/10.2.11/bin/mysqld --defaults-file=/home/a/env4/m1-10.2.11/my.cnf --user=a
22710.69934654
18319 a         20   0 52.336g 0.046t  17252 S  1100 74.8 130:16.74 /home/a/env4/m1-10.2.11/../_depot/m-tar/10.2.11/bin/mysqld --defaults-file=/home/a/env4/m1-10.2.11/my.cnf --user=a
21562.62008476
18319 a         20   0 52.032g 0.046t  17252 S  1107 74.5 132:24.66 /home/a/env4/m1-10.2.11/../_depot/m-tar/10.2.11/bin/mysqld --defaults-file=/home/a/env4/m1-10.2.11/my.cnf --user=a
22093.65955925
18319 a         20   0 52.394g 0.046t  17252 S  1074 75.0 134:29.41 /home/a/env4/m1-10.2.11/../_depot/m-tar/10.2.11/bin/mysqld --defaults-file=/home/a/env4/m1-10.2.11/my.cnf --user=a
21677.75977135
18319 a         20   0 52.864g 0.046t  17252 S  1177 75.6 136:34.71 /home/a/env4/m1-10.2.11/../_depot/m-tar/10.2.11/bin/mysqld --defaults-file=/home/a/env4/m1-10.2.11/my.cnf --user=a
22220.39600182
18319 a         20   0 52.706g 0.046t  17252 S  1104 75.4 138:39.69 /home/a/env4/m1-10.2.11/../_depot/m-tar/10.2.11/bin/mysqld --defaults-file=/home/a/env4/m1-10.2.11/my.cnf --user=a
21760.40021324
18319 a         20   0 53.226g 0.047t  17252 S  1066 76.3 140:45.47 /home/a/env4/m1-10.2.11/../_depot/m-tar/10.2.11/bin/mysqld --defaults-file=/home/a/env4/m1-10.2.11/my.cnf --user=a
21518.15595055
18319 a         20   0 52.180g 0.046t  17252 S  1052 74.5 142:51.66 /home/a/env4/m1-10.2.11/../_depot/m-tar/10.2.11/bin/mysqld --defaults-file=/home/a/env4/m1-10.2.11/my.cnf --user=a
21247.95004845
18319 a         20   0 52.185g 0.046t  17252 S  1094 74.6 144:59.40 /home/a/env4/m1-10.2.11/../_depot/m-tar/10.2.11/bin/mysqld --defaults-file=/home/a/env4/m1-10.2.11/my.cnf --user=a
21830.58234215
18319 a         20   0 52.503g 0.046t  17252 S  1107 75.0 147:05.20 /home/a/env4/m1-10.2.11/../_depot/m-tar/10.2.11/bin/mysqld --defaults-file=/home/a/env4/m1-10.2.11/my.cnf --user=a
22827.07816124
18319 a         20   0 52.035g 0.046t  17252 S  1010 74.4 149:11.16 /home/a/env4/m1-10.2.11/../_depot/m-tar/10.2.11/bin/mysqld --defaults-file=/home/a/env4/m1-10.2.11/my.cnf --user=a
20787.54903221
18319 a         20   0 51.946g 0.045t  17252 S  1030 74.1 151:16.91 /home/a/env4/m1-10.2.11/../_depot/m-tar/10.2.11/bin/mysqld --defaults-file=/home/a/env4/m1-10.2.11/my.cnf --user=a
22647.68748283
18319 a         20   0 52.088g 0.046t  17252 S  1036 74.3 153:22.52 /home/a/env4/m1-10.2.11/../_depot/m-tar/10.2.11/bin/mysqld --defaults-file=/home/a/env4/m1-10.2.11/my.cnf --user=a
21905.96460533
18319 a         20   0 51.684g 0.045t  17252 S  1114 73.6 155:29.05 /home/a/env4/m1-10.2.11/../_depot/m-tar/10.2.11/bin/mysqld --defaults-file=/home/a/env4/m1-10.2.11/my.cnf --user=a
22083.81290245
18319 a         20   0 52.147g 0.046t  17252 S  1066 74.4 157:35.06 /home/a/env4/m1-10.2.11/../_depot/m-tar/10.2.11/bin/mysqld --defaults-file=/home/a/env4/m1-10.2.11/my.cnf --user=a
23879.46405602
18319 a         20   0 52.588g 0.046t  17252 S  1108 75.6 159:40.33 /home/a/env4/m1-10.2.11/../_depot/m-tar/10.2.11/bin/mysqld --defaults-file=/home/a/env4/m1-10.2.11/my.cnf --user=a
20963.06137657
18319 a         20   0 52.050g 0.046t  17252 S  1128 74.3 161:45.91 /home/a/env4/m1-10.2.11/../_depot/m-tar/10.2.11/bin/mysqld --defaults-file=/home/a/env4/m1-10.2.11/my.cnf --user=a
21566.59387779
18319 a         20   0 52.138g 0.046t  17252 S  1200 74.4 163:52.87 /home/a/env4/m1-10.2.11/../_depot/m-tar/10.2.11/bin/mysqld --defaults-file=/home/a/env4/m1-10.2.11/my.cnf --user=a
20817.51556969
18319 a         20   0 52.090g 0.046t  17252 S  1087 74.5 165:59.31 /home/a/env4/m1-10.2.11/../_depot/m-tar/10.2.11/bin/mysqld --defaults-file=/home/a/env4/m1-10.2.11/my.cnf --user=a
23147.04150963
18319 a         20   0 52.147g 0.046t  17252 S  1076 74.5 168:05.45 /home/a/env4/m1-10.2.11/../_depot/m-tar/10.2.11/bin/mysqld --defaults-file=/home/a/env4/m1-10.2.11/my.cnf --user=a
23311.20819664
18319 a         20   0 51.998g 0.046t  17252 S  1071 74.6 170:12.17 /home/a/env4/m1-10.2.11/../_depot/m-tar/10.2.11/bin/mysqld --defaults-file=/home/a/env4/m1-10.2.11/my.cnf --user=a
21372.82501793
18319 a         20   0 51.687g 0.045t  17252 S  1094 73.8 172:18.94 /home/a/env4/m1-10.2.11/../_depot/m-tar/10.2.11/bin/mysqld --defaults-file=/home/a/env4/m1-10.2.11/my.cnf --user=a
21052.95645714
18319 a         20   0 51.720g 0.045t  17252 S  1034 73.7 174:25.26 /home/a/env4/m1-10.2.11/../_depot/m-tar/10.2.11/bin/mysqld --defaults-file=/home/a/env4/m1-10.2.11/my.cnf --user=a
22113.82056236
18319 a         20   0 52.219g 0.046t  17252 S  1060 74.7 176:32.95 /home/a/env4/m1-10.2.11/../_depot/m-tar/10.2.11/bin/mysqld --defaults-file=/home/a/env4/m1-10.2.11/my.cnf --user=a
21786.95230675
18319 a         20   0 52.074g 0.046t  17252 S  1064 74.4 178:39.02 /home/a/env4/m1-10.2.11/../_depot/m-tar/10.2.11/bin/mysqld --defaults-file=/home/a/env4/m1-10.2.11/my.cnf --user=a
21419.84811974
18319 a         20   0 51.898g 0.046t  17252 S  1075 74.3 180:44.84 /home/a/env4/m1-10.2.11/../_depot/m-tar/10.2.11/bin/mysqld --defaults-file=/home/a/env4/m1-10.2.11/my.cnf --user=a
