Already up-to-date.
Installing MariaDB/MySQL system tables in '/home/a/env4/m1-10.1.29/dt' ...
OK
Filling help tables...
OK
Creating OpenGIS required SP-s...
OK

To start mysqld at boot time you have to copy
support-files/mysql.server to the right place for your system

PLEASE REMEMBER TO SET A PASSWORD FOR THE MariaDB root USER !
To do so, start the server, then issue the following commands:

'/home/a/env4/m1-10.1.29/../_depot/m-tar/10.1.29/bin/mysqladmin' -u root password 'new-password'
'/home/a/env4/m1-10.1.29/../_depot/m-tar/10.1.29/bin/mysqladmin' -u root -h UBINTI password 'new-password'

Alternatively you can run:
'/home/a/env4/m1-10.1.29/../_depot/m-tar/10.1.29/bin/mysql_secure_installation'

which will also give you the option of removing the test
databases and anonymous user created by default.  This is
strongly recommended for production servers.

See the MariaDB Knowledgebase at http://mariadb.com/kb or the
MySQL manual for more instructions.

You can start the MariaDB daemon with:
cd '/home/a/env4/m1-10.1.29/../_depot/m-tar/10.1.29' ; /home/a/env4/m1-10.1.29/../_depot/m-tar/10.1.29/bin/mysqld_safe --datadir='/home/a/env4/m1-10.1.29/dt'

You can test the MariaDB daemon with mysql-test-run.pl
cd '/home/a/env4/m1-10.1.29/../_depot/m-tar/10.1.29/mysql-test' ; perl mysql-test-run.pl

Please report any problems at http://mariadb.org/jira

The latest information about MariaDB is available at http://mariadb.org/.
You can find additional information about the MySQL part at:
http://dev.mysql.com
Consider joining MariaDB's strong and vibrant community:
https://mariadb.org/get-involved/

mysqld is alive
10.1.29-MariaDB
1001010
Total size of HEAP tables: 26757 Mb
25684 a         20   0 28.900g 0.027t  15612 S 894.1 44.1   4:31.33 /home/a/env4/m1-10.1.29/../_depot/m-tar/10.1.29/bin/mysqld --defaults-file=/home/a/env4/m1-10.1.29/my.cnf --user=a
Total size of HEAP tables: 32684 Mb
25684 a         20   0 35.037g 0.033t  15612 S 935.3 53.6   6:10.75 /home/a/env4/m1-10.1.29/../_depot/m-tar/10.1.29/bin/mysqld --defaults-file=/home/a/env4/m1-10.1.29/my.cnf --user=a
Total size of HEAP tables: 38110 Mb
25684 a         20   0 40.674g 0.038t  15612 S 917.6 62.4   7:52.21 /home/a/env4/m1-10.1.29/../_depot/m-tar/10.1.29/bin/mysqld --defaults-file=/home/a/env4/m1-10.1.29/my.cnf --user=a
Total size of HEAP tables: 42704 Mb
25684 a         20   0 45.447g 0.043t  15612 S 905.0 69.8   9:34.64 /home/a/env4/m1-10.1.29/../_depot/m-tar/10.1.29/bin/mysqld --defaults-file=/home/a/env4/m1-10.1.29/my.cnf --user=a
Total size of HEAP tables: 31028 Mb
25684 a         20   0 46.584g 0.033t  15612 S 972.7 54.3  11:21.04 /home/a/env4/m1-10.1.29/../_depot/m-tar/10.1.29/bin/mysqld --defaults-file=/home/a/env4/m1-10.1.29/my.cnf --user=a
Total size of HEAP tables: 37615 Mb
25684 a         20   0 46.584g 0.039t  15612 S  1012 63.3  13:22.05 /home/a/env4/m1-10.1.29/../_depot/m-tar/10.1.29/bin/mysqld --defaults-file=/home/a/env4/m1-10.1.29/my.cnf --user=a
Total size of HEAP tables: 41500 Mb
25684 a         20   0 46.584g 0.042t  15612 S  1140 68.2  15:22.92 /home/a/env4/m1-10.1.29/../_depot/m-tar/10.1.29/bin/mysqld --defaults-file=/home/a/env4/m1-10.1.29/my.cnf --user=a
Total size of HEAP tables: 32508 Mb
25684 a         20   0 46.584g 0.035t  15612 S  1100 56.4  17:24.43 /home/a/env4/m1-10.1.29/../_depot/m-tar/10.1.29/bin/mysqld --defaults-file=/home/a/env4/m1-10.1.29/my.cnf --user=a
Total size of HEAP tables: 39154 Mb
25684 a         20   0 46.584g 0.040t  15612 S 929.2 65.4  19:28.99 /home/a/env4/m1-10.1.29/../_depot/m-tar/10.1.29/bin/mysqld --defaults-file=/home/a/env4/m1-10.1.29/my.cnf --user=a
Total size of HEAP tables: 35223 Mb
25684 a         20   0 46.584g 0.037t  15612 S  1071 60.0  21:49.09 /home/a/env4/m1-10.1.29/../_depot/m-tar/10.1.29/bin/mysqld --defaults-file=/home/a/env4/m1-10.1.29/my.cnf --user=a
Total size of HEAP tables: 35085 Mb
25684 a         20   0 46.584g 0.037t  15612 S  1062 59.6  23:46.76 /home/a/env4/m1-10.1.29/../_depot/m-tar/10.1.29/bin/mysqld --defaults-file=/home/a/env4/m1-10.1.29/my.cnf --user=a
Total size of HEAP tables: 38992 Mb
25684 a         20   0 46.584g 0.040t  15612 S 933.3 64.5  25:47.51 /home/a/env4/m1-10.1.29/../_depot/m-tar/10.1.29/bin/mysqld --defaults-file=/home/a/env4/m1-10.1.29/my.cnf --user=a
Total size of HEAP tables: 35036 Mb
25684 a         20   0 46.584g 0.037t  15612 S  1095 60.1  27:48.51 /home/a/env4/m1-10.1.29/../_depot/m-tar/10.1.29/bin/mysqld --defaults-file=/home/a/env4/m1-10.1.29/my.cnf --user=a
Total size of HEAP tables: 36439 Mb
25684 a         20   0 46.584g 0.038t  15612 S 995.5 61.2  29:48.83 /home/a/env4/m1-10.1.29/../_depot/m-tar/10.1.29/bin/mysqld --defaults-file=/home/a/env4/m1-10.1.29/my.cnf --user=a
Total size of HEAP tables: 37334 Mb
25684 a         20   0 46.584g 0.038t  15612 S  1009 61.9  31:51.50 /home/a/env4/m1-10.1.29/../_depot/m-tar/10.1.29/bin/mysqld --defaults-file=/home/a/env4/m1-10.1.29/my.cnf --user=a
Total size of HEAP tables: 32132 Mb
25684 a         20   0 46.584g 0.034t  15612 S  1064 55.1  34:04.97 /home/a/env4/m1-10.1.29/../_depot/m-tar/10.1.29/bin/mysqld --defaults-file=/home/a/env4/m1-10.1.29/my.cnf --user=a
Total size of HEAP tables: 38860 Mb
25684 a         20   0 46.584g 0.039t  15612 S  1059 64.3  36:09.46 /home/a/env4/m1-10.1.29/../_depot/m-tar/10.1.29/bin/mysqld --defaults-file=/home/a/env4/m1-10.1.29/my.cnf --user=a
Total size of HEAP tables: 35289 Mb
25684 a         20   0 46.584g 0.037t  15612 S  1073 61.1  38:15.56 /home/a/env4/m1-10.1.29/../_depot/m-tar/10.1.29/bin/mysqld --defaults-file=/home/a/env4/m1-10.1.29/my.cnf --user=a
Total size of HEAP tables: 34569 Mb
25684 a         20   0 46.584g 0.036t  15612 S  1055 58.2  40:20.76 /home/a/env4/m1-10.1.29/../_depot/m-tar/10.1.29/bin/mysqld --defaults-file=/home/a/env4/m1-10.1.29/my.cnf --user=a
Total size of HEAP tables: 36570 Mb
25684 a         20   0 46.584g 0.038t  15612 S  1090 62.1  42:24.90 /home/a/env4/m1-10.1.29/../_depot/m-tar/10.1.29/bin/mysqld --defaults-file=/home/a/env4/m1-10.1.29/my.cnf --user=a
Total size of HEAP tables: 35747 Mb
25684 a         20   0 46.584g 0.037t  15612 S  1055 61.1  44:31.16 /home/a/env4/m1-10.1.29/../_depot/m-tar/10.1.29/bin/mysqld --defaults-file=/home/a/env4/m1-10.1.29/my.cnf --user=a
Total size of HEAP tables: 36734 Mb
25684 a         20   0 46.584g 0.037t  15612 S 904.5 61.1  46:36.13 /home/a/env4/m1-10.1.29/../_depot/m-tar/10.1.29/bin/mysqld --defaults-file=/home/a/env4/m1-10.1.29/my.cnf --user=a
Total size of HEAP tables: 36271 Mb
25684 a         20   0 46.584g 0.038t  15612 S  1067 62.2  48:41.26 /home/a/env4/m1-10.1.29/../_depot/m-tar/10.1.29/bin/mysqld --defaults-file=/home/a/env4/m1-10.1.29/my.cnf --user=a
Total size of HEAP tables: 35407 Mb
25684 a         20   0 46.584g 0.037t  15612 S  1059 59.6  50:45.91 /home/a/env4/m1-10.1.29/../_depot/m-tar/10.1.29/bin/mysqld --defaults-file=/home/a/env4/m1-10.1.29/my.cnf --user=a
Total size of HEAP tables: 37139 Mb
25684 a         20   0 46.584g 0.038t  15612 S 942.3 62.4  52:50.30 /home/a/env4/m1-10.1.29/../_depot/m-tar/10.1.29/bin/mysqld --defaults-file=/home/a/env4/m1-10.1.29/my.cnf --user=a
Total size of HEAP tables: 35740 Mb
25684 a         20   0 46.584g 0.037t  15612 S 947.8 61.0  54:53.18 /home/a/env4/m1-10.1.29/../_depot/m-tar/10.1.29/bin/mysqld --defaults-file=/home/a/env4/m1-10.1.29/my.cnf --user=a
Total size of HEAP tables: 34326 Mb
25684 a         20   0 46.584g 0.035t  15612 S 981.0 57.5  56:56.59 /home/a/env4/m1-10.1.29/../_depot/m-tar/10.1.29/bin/mysqld --defaults-file=/home/a/env4/m1-10.1.29/my.cnf --user=a
